This is pdfTeX, Version 3.14159265-2.6-1.40.20 (TeX Live 2019/W32TeX) (preloaded format=pdflatex 2020.1.29)  16 MAR 2020 11:24
entering extended mode
 restricted \write18 enabled.
 file:line:error style messages enabled.
 %&-line parsing enabled.
**icad2020-template.tex
(./icad2020-template.tex
LaTeX2e <2019-10-01> patch level 3
(./jpconf.cls
Document Class: jpconf 2007/03/07 v1.1 LaTeX class for Journal of Physics: Conf
erence Series
(./jpconf11.clo
File: jpconf11.clo 2005/05/04 v1.0 LaTeX2e file (size option)
)
\indentedwidth=\skip41
\mathindent=\dimen102
\c@oldftnote=\count80
\c@section=\count81
\c@subsection=\count82
\c@subsubsection=\count83
\c@paragraph=\count84
\c@subparagraph=\count85
\c@figure=\count86
\c@table=\count87
\abovecaptionskip=\skip42
\belowcaptionskip=\skip43
\bibindent=\dimen103
\c@eqnval=\count88
) (c:/texlive/2019/texmf-dist/tex/latex/graphics/graphicx.sty
Package: graphicx 2017/06/01 v1.1a Enhanced LaTeX Graphics (DPC,SPQR)

(c:/texlive/2019/texmf-dist/tex/latex/graphics/keyval.sty
Package: keyval 2014/10/28 v1.15 key=value parser (DPC)
\KV@toks@=\toks14
)
(c:/texlive/2019/texmf-dist/tex/latex/graphics/graphics.sty
Package: graphics 2019/11/01 v1.3d Standard LaTeX Graphics (DPC,SPQR)

(c:/texlive/2019/texmf-dist/tex/latex/graphics/trig.sty
Package: trig 2016/01/03 v1.10 sin cos tan (DPC)
)
(c:/texlive/2019/texmf-dist/tex/latex/graphics-cfg/graphics.cfg
File: graphics.cfg 2016/06/04 v1.11 sample graphics configuration
)
Package graphics Info: Driver file: pdftex.def on input line 105.

(c:/texlive/2019/texmf-dist/tex/latex/graphics-def/pdftex.def
File: pdftex.def 2018/01/08 v1.0l Graphics/color driver for pdftex
))
\Gin@req@height=\dimen104
\Gin@req@width=\dimen105
)
(./icad2020-template.aux

LaTeX Warning: Label `label' multiply defined.


LaTeX Warning: Label `label' multiply defined.

)
\openout1 = `icad2020-template.aux'.

LaTeX Font Info:    Checking defaults for OML/cmm/m/it on input line 4.
LaTeX Font Info:    ... okay on input line 4.
LaTeX Font Info:    Checking defaults for T1/cmr/m/n on input line 4.
LaTeX Font Info:    ... okay on input line 4.
LaTeX Font Info:    Checking defaults for OT1/cmr/m/n on input line 4.
LaTeX Font Info:    ... okay on input line 4.
LaTeX Font Info:    Checking defaults for OMS/cmsy/m/n on input line 4.
LaTeX Font Info:    ... okay on input line 4.
LaTeX Font Info:    Checking defaults for OMX/cmex/m/n on input line 4.
LaTeX Font Info:    ... okay on input line 4.
LaTeX Font Info:    Checking defaults for U/cmr/m/n on input line 4.
LaTeX Font Info:    ... okay on input line 4.
 (c:/texlive/2019/texmf-dist/tex/context/base/mkii/supp-pdf.mkii
[Loading MPS to PDF converter (version 2006.09.02).]
\scratchcounter=\count89
\scratchdimen=\dimen106
\scratchbox=\box27
\nofMPsegments=\count90
\nofMParguments=\count91
\everyMPshowfont=\toks15
\MPscratchCnt=\count92
\MPscratchDim=\dimen107
\MPnumerator=\count93
\makeMPintoPDFobject=\count94
\everyMPtoPDFconversion=\toks16
) (c:/texlive/2019/texmf-dist/tex/latex/epstopdf-pkg/epstopdf-base.sty
Package: epstopdf-base 2020-01-24 v2.11 Base part for package epstopdf
Package epstopdf-base Info: Redefining graphics rule for `.eps' on input line 4
85.

(c:/texlive/2019/texmf-dist/tex/latex/latexconfig/epstopdf-sys.cfg
File: epstopdf-sys.cfg 2010/07/13 v1.3 Configuration of (r)epstopdf for TeX Liv
e
))

LaTeX Font Warning: Font shape `OT1/cmr/m/n' in size <18.06749> not available
(Font)              size <17.28> substituted on input line 5.


LaTeX Font Warning: Font shape `OT1/cmr/bx/n' in size <18.06749> not available
(Font)              size <17.28> substituted on input line 5.

LaTeX Font Info:    Calculating math sizes for size <18.06749> on input line 5.


LaTeX Font Warning: Font shape `OT1/cmr/bx/n' in size <12.64719> not available
(Font)              size <12> substituted on input line 5.


LaTeX Font Warning: Font shape `OML/cmm/b/it' in size <18.06749> not available
(Font)              size <17.28> substituted on input line 5.


LaTeX Font Warning: Font shape `OML/cmm/b/it' in size <12.64719> not available
(Font)              size <12> substituted on input line 5.


LaTeX Font Warning: Font shape `OMS/cmsy/b/n' in size <18.06749> not available
(Font)              size <17.28> substituted on input line 5.


LaTeX Font Warning: Font shape `OMS/cmsy/b/n' in size <12.64719> not available
(Font)              size <12> substituted on input line 5.

LaTeX Font Info:    External font `cmex10' loaded for size
(Font)              <18.06749> on input line 5.
LaTeX Font Info:    External font `cmex10' loaded for size
(Font)              <12.64719> on input line 5.
LaTeX Font Info:    External font `cmex10' loaded for size
(Font)              <9.03374> on input line 5.

LaTeX Font Warning: Font shape `OT1/cmr/m/n' in size <12.64719> not available
(Font)              size <12> substituted on input line 5.


LaTeX Font Warning: Font shape `OML/cmm/m/it' in size <18.06749> not available
(Font)              size <17.28> substituted on input line 5.


LaTeX Font Warning: Font shape `OML/cmm/m/it' in size <12.64719> not available
(Font)              size <12> substituted on input line 5.


LaTeX Font Warning: Font shape `OMS/cmsy/m/n' in size <18.06749> not available
(Font)              size <17.28> substituted on input line 5.


LaTeX Font Warning: Font shape `OMS/cmsy/m/n' in size <12.64719> not available
(Font)              size <12> substituted on input line 5.


LaTeX Font Warning: Font shape `OT1/cmr/bx/it' in size <18.06749> not available

(Font)              size <17.28> substituted on input line 5.

LaTeX Font Info:    External font `cmex10' loaded for size
(Font)              <9> on input line 14.
LaTeX Font Info:    External font `cmex10' loaded for size
(Font)              <6> on input line 14.
LaTeX Font Info:    External font `cmex10' loaded for size
(Font)              <5> on input line 14.
LaTeX Font Info:    External font `cmex10' loaded for size
(Font)              <10.95> on input line 18.
LaTeX Font Info:    External font `cmex10' loaded for size
(Font)              <8> on input line 18.
[1

{c:/texlive/2019/texmf-var/fonts/map/pdftex/updmap/pdftex.map}] [2] [3]
LaTeX Font Info:    Font shape `OT1/cmtt/bx/n' in size <10.95> not available
(Font)              Font shape `OT1/cmtt/m/n' tried instead on input line 153.

Underfull \hbox (badness 2698) in paragraph at lines 182--190
\OT1/cmr/m/n/10.95 Numeric reference lists should contain the references within
 an unnumbered section
 []


Underfull \hbox (badness 1845) in paragraph at lines 182--190
\OT1/cmr/m/n/10.95 (such as [][]\OT1/cmtt/m/n/10.95 \section*{References}[]\OT1
/cmr/m/n/10.95 ). The reference list itself is started by the code
 []

[4]
Overfull \hbox (4.65094pt too wide) in paragraph at lines 238--238
[]\OT1/cmtt/m/n/10.95 \item Nakamura S, Senoh M, Nagahama S, Iwase N, Yamada T,
 Matsushita T, Kiyoku H[] 
 []


LaTeX Warning: `h' float specifier changed to `ht'.

[5] [6]

LaTeX Warning: `h' float specifier changed to `ht'.

[7]
LaTeX Font Info:    External font `cmex10' loaded for size
(Font)              <17.28> on input line 452.
LaTeX Font Info:    External font `cmex10' loaded for size
(Font)              <12> on input line 452.


LaTeX Warning: `h' float specifier changed to `ht'.

[8]
Package epstopdf Info: Source file: <Graphics/name.eps>
(epstopdf)                    date: 2020-03-16 10:13:17
(epstopdf)                    size: 273 bytes
(epstopdf)             Output file: <Graphics/name-eps-converted-to.pdf>
(epstopdf)                    date: 2020-03-16 10:21:59
(epstopdf)                    size: 5154 bytes
(epstopdf)             Command: <repstopdf --outfile=Graphics/name-eps-converte
d-to.pdf Graphics/name.eps>
(epstopdf)             \includegraphics on input line 471.
Package epstopdf Info: Output file is already uptodate.
<Graphics/name-eps-converted-to.pdf, id=45, 146.5475pt x 146.5475pt>
File: Graphics/name-eps-converted-to.pdf Graphic file (type pdf)
<use Graphics/name-eps-converted-to.pdf>
Package pdftex.def Info: Graphics/name-eps-converted-to.pdf  used on input line
 471.
(pdftex.def)             Requested size: 168.0pt x 167.99832pt.
Package epstopdf Info: Source file: <Graphics/name.eps>
(epstopdf)                    date: 2020-03-16 10:13:17
(epstopdf)                    size: 273 bytes
(epstopdf)             Output file: <Graphics/name-eps-converted-to.pdf>
(epstopdf)                    date: 2020-03-16 10:21:59
(epstopdf)                    size: 5154 bytes
(epstopdf)             Command: <repstopdf --outfile=Graphics/name-eps-converte
d-to.pdf Graphics/name.eps>
(epstopdf)             \includegraphics on input line 475.
Package epstopdf Info: Output file is already uptodate.
File: Graphics/name-eps-converted-to.pdf Graphic file (type pdf)
<use Graphics/name-eps-converted-to.pdf>
Package pdftex.def Info: Graphics/name-eps-converted-to.pdf  used on input line
 475.
(pdftex.def)             Requested size: 168.0pt x 167.99832pt.

Underfull \hbox (badness 1371) in paragraph at lines 476--476
[]\OT1/cmr/bx/n/10.95 Figure 2. []\OT1/cmr/m/n/10.95 Figure caption for
 []

Package epstopdf Info: Source file: <Graphics/name.eps>
(epstopdf)                    date: 2020-03-16 10:13:17
(epstopdf)                    size: 273 bytes
(epstopdf)             Output file: <Graphics/name-eps-converted-to.pdf>
(epstopdf)                    date: 2020-03-16 10:21:59
(epstopdf)                    size: 5154 bytes
(epstopdf)             Command: <repstopdf --outfile=Graphics/name-eps-converte
d-to.pdf Graphics/name.eps>
(epstopdf)             \includegraphics on input line 481.
Package epstopdf Info: Output file is already uptodate.
File: Graphics/name-eps-converted-to.pdf Graphic file (type pdf)
<use Graphics/name-eps-converted-to.pdf>
Package pdftex.def Info: Graphics/name-eps-converted-to.pdf  used on input line
 481.
(pdftex.def)             Requested size: 168.0pt x 167.99832pt.

LaTeX Warning: `h' float specifier changed to `ht'.

[9 <./Graphics/name-eps-converted-to.pdf>] [10] (./icad2020-template.aux)

LaTeX Font Warning: Size substitutions with differences
(Font)              up to 0.78749pt have occurred.


LaTeX Warning: There were multiply-defined labels.

 ) 
Here is how much of TeX's memory you used:
 1250 strings out of 492162
 14837 string characters out of 6129062
 88368 words of memory out of 5000000
 5643 multiletter control sequences out of 15000+600000
 14174 words of font info for 49 fonts, out of 8000000 for 9000
 1141 hyphenation exceptions out of 8191
 30i,13n,23p,1199b,377s stack positions out of 5000i,500n,10000p,200000b,80000s
<c:/texlive/2019/texmf-dist/fonts/type1/public/amsfonts/cm/cmbx10.pfb><c:/tex
live/2019/texmf-dist/fonts/type1/public/amsfonts/cm/cmbx12.pfb><c:/texlive/2019
/texmf-dist/fonts/type1/public/amsfonts/cm/cmbx9.pfb><c:/texlive/2019/texmf-dis
t/fonts/type1/public/amsfonts/cm/cmbxti10.pfb><c:/texlive/2019/texmf-dist/fonts
/type1/public/amsfonts/cm/cmcsc10.pfb><c:/texlive/2019/texmf-dist/fonts/type1/p
ublic/amsfonts/cm/cmmi10.pfb><c:/texlive/2019/texmf-dist/fonts/type1/public/ams
fonts/cm/cmmi9.pfb><c:/texlive/2019/texmf-dist/fonts/type1/public/amsfonts/cm/c
mmib10.pfb><c:/texlive/2019/texmf-dist/fonts/type1/public/amsfonts/cm/cmr10.pfb
><c:/texlive/2019/texmf-dist/fonts/type1/public/amsfonts/cm/cmr6.pfb><c:/texliv
e/2019/texmf-dist/fonts/type1/public/amsfonts/cm/cmr8.pfb><c:/texlive/2019/texm
f-dist/fonts/type1/public/amsfonts/cm/cmr9.pfb><c:/texlive/2019/texmf-dist/font
s/type1/public/amsfonts/cm/cmsy10.pfb><c:/texlive/2019/texmf-dist/fonts/type1/p
ublic/amsfonts/cm/cmti10.pfb><c:/texlive/2019/texmf-dist/fonts/type1/public/ams
fonts/cm/cmti9.pfb><c:/texlive/2019/texmf-dist/fonts/type1/public/amsfonts/cm/c
mtt10.pfb><c:/texlive/2019/texmf-dist/fonts/type1/public/amsfonts/cm/cmtt9.pfb>

Output written on icad2020-template.pdf (10 pages, 243470 bytes).
PDF statistics:
 111 PDF objects out of 1000 (max. 8388607)
 79 compressed objects within 1 object stream
 0 named destinations out of 1000 (max. 500000)
 6 words of extra memory for PDF output out of 10000 (max. 10000000)

