This is pdfTeX, Version 3.14159265-2.6-1.40.20 (MiKTeX 2.9.7250 64-bit) (preloaded format=pdflatex 2020.1.21)  20 MAR 2020 15:47
entering extended mode
**./IOPLaTeXGuidelines.tex
(IOPLaTeXGuidelines.tex
LaTeX2e <2019-10-01> patch level 3
(iopart.cls
Document Class: iopart 1996/06/10 v0.0 IOP Journals LaTeX article class
(iopart12.clo
File: iopart12.clo 1997/01/15 v1.0 LaTeX2e file (size option)
)
\c@jnl=\count80
\c@section=\count81
\c@subsection=\count82
\c@subsubsection=\count83
\c@paragraph=\count84
\c@subparagraph=\count85
\c@figure=\count86
\c@table=\count87
\abovecaptionskip=\skip41
\belowcaptionskip=\skip42
\indentedwidth=\skip43
\mathindent=\dimen102
\c@eqnval=\count88
) (IOPLaTeXGuidelines.aux)
\openout1 = `IOPLaTeXGuidelines.aux'.

LaTeX Font Info:    Checking defaults for OML/cmm/m/it on input line 46.
LaTeX Font Info:    ... okay on input line 46.
LaTeX Font Info:    Checking defaults for T1/cmr/m/n on input line 46.
LaTeX Font Info:    ... okay on input line 46.
LaTeX Font Info:    Checking defaults for OT1/cmr/m/n on input line 46.
LaTeX Font Info:    ... okay on input line 46.
LaTeX Font Info:    Checking defaults for OMS/cmsy/m/n on input line 46.
LaTeX Font Info:    ... okay on input line 46.
LaTeX Font Info:    Checking defaults for OMX/cmex/m/n on input line 46.
LaTeX Font Info:    ... okay on input line 46.
LaTeX Font Info:    Checking defaults for U/cmr/m/n on input line 46.
LaTeX Font Info:    ... okay on input line 46.
LaTeX Font Info:    External font `cmex10' loaded for size
(Font)              <17.28> on input line 49.
LaTeX Font Info:    External font `cmex10' loaded for size
(Font)              <12> on input line 49.
LaTeX Font Info:    External font `cmex10' loaded for size
(Font)              <7> on input line 61.
LaTeX Font Info:    External font `cmex10' loaded for size
(Font)              <5> on input line 61.
LaTeX Font Info:    External font `cmex10' loaded for size
(Font)              <8> on input line 96.
LaTeX Font Info:    External font `cmex10' loaded for size
(Font)              <6> on input line 96.
 [1

{C:/Users/bergu/AppData/Local/MiKTeX/2.9/pdftex/config/pdftex.map}] [2] [3]
Underfull \hbox (badness 4492) in paragraph at lines 203--208
[]\OT1/cmr/m/n/12 For the nu-mer-i-cal (Van-cou-ver) ref-er-ence style we rec-o
m-mend that au-
 []


Underfull \hbox (badness 6625) in paragraph at lines 203--208
\OT1/cmr/m/n/12 thors use [][]\OT1/cmtt/m/n/12 unsrt.bst[]\OT1/cmr/m/n/12 ; thi
s does not quite fol-low the style of pub-
 []


Underfull \hbox (badness 1675) in paragraph at lines 203--208
\OT1/cmr/m/n/12 lished ar-ti-cles in our jour-nals but this is not a prob-lem. 
Al-ter-na-tively
 []


Underfull \hbox (badness 3323) in paragraph at lines 203--208
\OT1/cmr/m/n/12 closely matches that in pub-lished ar-ti-cles. The file is avai
l-able from
 []


Underfull \hbox (badness 4353) in paragraph at lines 208--217
\OT1/cmr/m/n/12 the [][]\OT1/cmtt/m/n/12 harvard.sty []\OT1/cmr/m/n/12 in conju
nction with the [][]\OT1/cmtt/m/n/12 jphysicsB.bst []\OT1/cmr/m/n/12 BibTeX sty
le
 []


Underfull \hbox (badness 1077) in paragraph at lines 208--217
\OT1/cmr/m/n/12 file. These, and accompanying documentation, can be downloaded 
from 
 []


Underfull \hbox (badness 1147) in paragraph at lines 208--217
[][]\OT1/cmtt/m/n/12 http://www.ctan.org/tex-archive/macros/latex/contrib/harva
rd/[]\OT1/cmr/m/n/12 . Note
 []

[4] [5] [6]
Underfull \hbox (badness 2644) in paragraph at lines 337--350
[]\OT1/cmr/m/n/12 For article types other than papers, [][]\OT1/cmtt/m/n/12 iop
art.cls []\OT1/cmr/m/n/12 has a generic heading
 []

[7] [8] [9] [10] [11]
Underfull \hbox (badness 10000) in alignment at lines 645--658
[] [] [] [][][][][][][][][][][][][]
 []

[12] [13]
Underfull \hbox (badness 2012) in paragraph at lines 742--747
[]\OT1/cmr/m/n/12 Sometimes it is useful to number equations as parts of the sa
me basic
 []

[14]
Underfull \hbox (badness 2384) in paragraph at lines 759--761
[]\OT1/cmr/m/n/12 Equation labels within the [][]\OT1/cmtt/m/n/12 \eqnarray []\
OT1/cmr/m/n/12 environment will be referenced as
 []

[15] [16] [17] [18] [19]
Underfull \hbox (badness 1082) in paragraph at lines 1083--1083
[]\OT1/cmr/bx/n/10 Table 4. []\OT1/cmr/m/n/10 Alternatives to the normal refere
nces command $\OMS/cmsy/m/n/10 n$\OT1/cmtt/m/n/10 ref \OT1/cmr/m/n/10 available
 in
 []

[20] [21] [22] [23]
Underfull \hbox (badness 3098) in paragraph at lines 1274--1279
[]\OT1/cmr/m/n/12 For more detail about graphics inclusion see the documentatio
n of the
 []


Underfull \hbox (badness 2197) in paragraph at lines 1274--1279
[][]\OT1/cmtt/m/n/12 graphicx []\OT1/cmr/m/n/12 package, refer to one of the bo
oks on L[]T[]X, e.g. Goosens M,
 []

[24] [25] [26

]
Underfull \vbox (badness 10000) has occurred while \output is active []

 [27]
[28


]
Overfull \hbox (2.62785pt too wide) in paragraph at lines 1508--1532
[][] 
 []

[29

] [30

] (IOPLaTeXGuidelines.aux) )
(\end occurred inside a group at level 1)

### simple group (level 1) entered at line 1278 ({)
### bottom level 
Here is how much of TeX's memory you used:
 583 strings out of 492448
 5256 string characters out of 3119979
 78945 words of memory out of 3000000
 5006 multiletter control sequences out of 15000+200000
 14561 words of font info for 50 fonts, out of 3000000 for 9000
 1141 hyphenation exceptions out of 8191
 24i,13n,21p,806b,451s stack positions out of 5000i,500n,10000p,200000b,50000s
<C:/Users/bergu/AppData/Local/Programs/MiKTeX 2.9/fonts/type1/p
ublic/amsfonts/cm/cmbx10.pfb><C:/Users/bergu/AppData/Local/Programs/MiKTeX 2.9/
fonts/type1/public/amsfonts/cm/cmbx12.pfb><C:/Users/bergu/AppData/Local/Program
s/MiKTeX 2.9/fonts/type1/public/amsfonts/cm/cmbx8.pfb><C:/Users/bergu/AppData/L
ocal/Programs/MiKTeX 2.9/fonts/type1/public/amsfonts/cm/cmex10.pfb><C:/Users/be
rgu/AppData/Local/Programs/MiKTeX 2.9/fonts/type1/public/amsfonts/cm/cmmi10.pfb
><C:/Users/bergu/AppData/Local/Programs/MiKTeX 2.9/fonts/type1/public/amsfonts/
cm/cmmi12.pfb><C:/Users/bergu/AppData/Local/Programs/MiKTeX 2.9/fonts/type1/pub
lic/amsfonts/cm/cmmi7.pfb><C:/Users/bergu/AppData/Local/Programs/MiKTeX 2.9/fon
ts/type1/public/amsfonts/cm/cmmi8.pfb><C:/Users/bergu/AppData/Local/Programs/Mi
KTeX 2.9/fonts/type1/public/amsfonts/cm/cmmib10.pfb><C:/Users/bergu/AppData/Loc
al/Programs/MiKTeX 2.9/fonts/type1/public/amsfonts/cm/cmr10.pfb><C:/Users/bergu
/AppData/Local/Programs/MiKTeX 2.9/fonts/type1/public/amsfonts/cm/cmr12.pfb><C:
/Users/bergu/AppData/Local/Programs/MiKTeX 2.9/fonts/type1/public/amsfonts/cm/c
mr6.pfb><C:/Users/bergu/AppData/Local/Programs/MiKTeX 2.9/fonts/type1/public/am
sfonts/cm/cmr7.pfb><C:/Users/bergu/AppData/Local/Programs/MiKTeX 2.9/fonts/type
1/public/amsfonts/cm/cmr8.pfb><C:/Users/bergu/AppData/Local/Programs/MiKTeX 2.9
/fonts/type1/public/amsfonts/cm/cmsy10.pfb><C:/Users/bergu/AppData/Local/Progra
ms/MiKTeX 2.9/fonts/type1/public/amsfonts/cm/cmsy7.pfb><C:/Users/bergu/AppData/
Local/Programs/MiKTeX 2.9/fonts/type1/public/amsfonts/cm/cmsy8.pfb><C:/Users/be
rgu/AppData/Local/Programs/MiKTeX 2.9/fonts/type1/public/amsfonts/cm/cmti10.pfb
><C:/Users/bergu/AppData/Local/Programs/MiKTeX 2.9/fonts/type1/public/amsfonts/
cm/cmti12.pfb><C:/Users/bergu/AppData/Local/Programs/MiKTeX 2.9/fonts/type1/pub
lic/amsfonts/cm/cmti8.pfb><C:/Users/bergu/AppData/Local/Programs/MiKTeX 2.9/fon
ts/type1/public/amsfonts/cm/cmtt10.pfb><C:/Users/bergu/AppData/Local/Programs/M
iKTeX 2.9/fonts/type1/public/amsfonts/cm/cmtt12.pfb>
Output written on IOPLaTeXGuidelines.pdf (30 pages, 382942 bytes).
PDF statistics:
 186 PDF objects out of 1000 (max. 8388607)
 0 named destinations out of 1000 (max. 500000)
 1 words of extra memory for PDF output out of 10000 (max. 10000000)

